<?xml version="1.0" encoding="UTF-8"?>
<testng-results skipped="0" failed="0" ignored="0" total="1" passed="1">
  <reporter-output>
  </reporter-output>
  <suite name="Default suite" duration-ms="12236" started-at="2019-03-07T09:52:25Z" finished-at="2019-03-07T09:52:38Z">
    <groups>
    </groups>
    <test name="Default test" duration-ms="12236" started-at="2019-03-07T09:52:25Z" finished-at="2019-03-07T09:52:38Z">
      <class name="mavenProject.Google">
        <test-method status="PASS" signature="launchAppTest()[pri:0, instance:mavenProject.Google@5419f379]" name="launchAppTest" is-config="true" duration-ms="10094" started-at="2019-03-07T15:22:25Z" finished-at="2019-03-07T15:22:35Z">
          <reporter-output>
          </reporter-output>
        </test-method> <!-- launchAppTest -->
        <test-method status="PASS" signature="launchTest()[pri:0, instance:mavenProject.Google@5419f379]" name="launchTest" duration-ms="17" started-at="2019-03-07T15:22:35Z" finished-at="2019-03-07T15:22:35Z">
          <reporter-output>
          </reporter-output>
        </test-method> <!-- launchTest -->
        <test-method status="PASS" signature="browserCloseTest()[pri:0, instance:mavenProject.Google@5419f379]" name="browserCloseTest" is-config="true" duration-ms="2073" started-at="2019-03-07T15:22:35Z" finished-at="2019-03-07T15:22:38Z">
          <reporter-output>
          </reporter-output>
        </test-method> <!-- browserCloseTest -->
      </class> <!-- mavenProject.Google -->
    </test> <!-- Default test -->
  </suite> <!-- Default suite -->
</testng-results>
